<?xml version="1.0" encoding="UTF-8"?>
<testsuite xmlns:xsi="http://www.w3.org/2001/XMLSchema-instance" xsi:noNamespaceSchemaLocation="https://maven.apache.org/surefire/maven-surefire-plugin/xsd/surefire-test-report.xsd" name="cn.ekgc.dubbo.AppTest" time="0.039" tests="1" errors="0" skipped="0" failures="0">
  <properties>
    <property name="sun.desktop" value="windows"/>
    <property name="awt.toolkit" value="sun.awt.windows.WToolkit"/>
    <property name="file.encoding.pkg" value="sun.io"/>
    <property name="java.specification.version" value="1.8"/>
    <property name="sun.cpu.isalist" value="amd64"/>
    <property name="sun.jnu.encoding" value="GBK"/>
    <property name="java.class.path" value="E:\Code\personStudy\dubbo\DubboFrame\ums-server\target\test-classes;E:\Code\personStudy\dubbo\DubboFrame\ums-server\target\classes;E:\Code\personStudy\dubbo\DubboFrame\ums-interface\target\ums-interface-3.0.0.jar;E:\Code\personStudy\dubbo\DubboFrame\ums-commons\target\ums-commons-3.0.0.jar;C:\work\registory\mavenRespository\mysql\mysql-connector-java\8.0.18\mysql-connector-java-8.0.18.jar;C:\work\registory\mavenRespository\org\mybatis\mybatis\3.5.3\mybatis-3.5.3.jar;C:\work\registory\mavenRespository\org\mybatis\spring\boot\mybatis-spring-boot-starter\2.1.1\mybatis-spring-boot-starter-2.1.1.jar;C:\work\registory\mavenRespository\org\springframework\boot\spring-boot-starter\2.1.10.RELEASE\spring-boot-starter-2.1.10.RELEASE.jar;C:\work\registory\mavenRespository\org\springframework\boot\spring-boot\2.1.10.RELEASE\spring-boot-2.1.10.RELEASE.jar;C:\work\registory\mavenRespository\org\springframework\boot\spring-boot-starter-logging\2.1.10.RELEASE\spring-boot-starter-logging-2.1.10.RELEASE.jar;C:\work\registory\mavenRespository\ch\qos\logback\logback-classic\1.2.3\logback-classic-1.2.3.jar;C:\work\registory\mavenRespository\ch\qos\logback\logback-core\1.2.3\logback-core-1.2.3.jar;C:\work\registory\mavenRespository\org\apache\logging\log4j\log4j-to-slf4j\2.11.2\log4j-to-slf4j-2.11.2.jar;C:\work\registory\mavenRespository\org\apache\logging\log4j\log4j-api\2.11.2\log4j-api-2.11.2.jar;C:\work\registory\mavenRespository\org\slf4j\jul-to-slf4j\1.7.29\jul-to-slf4j-1.7.29.jar;C:\work\registory\mavenRespository\javax\annotation\javax.annotation-api\1.3.2\javax.annotation-api-1.3.2.jar;C:\work\registory\mavenRespository\org\springframework\spring-core\5.1.11.RELEASE\spring-core-5.1.11.RELEASE.jar;C:\work\registory\mavenRespository\org\springframework\spring-jcl\5.1.11.RELEASE\spring-jcl-5.1.11.RELEASE.jar;C:\work\registory\mavenRespository\org\springframework\boot\spring-boot-starter-jdbc\2.1.10.RELEASE\spring-boot-starter-jdbc-2.1.10.RELEASE.jar;C:\work\registory\mavenRespository\com\zaxxer\HikariCP\3.2.0\HikariCP-3.2.0.jar;C:\work\registory\mavenRespository\org\springframework\spring-jdbc\5.1.11.RELEASE\spring-jdbc-5.1.11.RELEASE.jar;C:\work\registory\mavenRespository\org\springframework\spring-tx\5.1.11.RELEASE\spring-tx-5.1.11.RELEASE.jar;C:\work\registory\mavenRespository\org\mybatis\spring\boot\mybatis-spring-boot-autoconfigure\2.1.1\mybatis-spring-boot-autoconfigure-2.1.1.jar;C:\work\registory\mavenRespository\org\mybatis\mybatis-spring\2.0.3\mybatis-spring-2.0.3.jar;C:\work\registory\mavenRespository\com\alibaba\druid-spring-boot-starter\1.1.21\druid-spring-boot-starter-1.1.21.jar;C:\work\registory\mavenRespository\com\alibaba\druid\1.1.21\druid-1.1.21.jar;C:\work\registory\mavenRespository\org\slf4j\slf4j-api\1.7.29\slf4j-api-1.7.29.jar;C:\work\registory\mavenRespository\org\springframework\boot\spring-boot-autoconfigure\2.1.10.RELEASE\spring-boot-autoconfigure-2.1.10.RELEASE.jar;C:\work\registory\mavenRespository\junit\junit\4.11\junit-4.11.jar;C:\work\registory\mavenRespository\org\hamcrest\hamcrest-core\1.3\hamcrest-core-1.3.jar;C:\work\registory\mavenRespository\org\springframework\boot\spring-boot-starter-web\2.1.10.RELEASE\spring-boot-starter-web-2.1.10.RELEASE.jar;C:\work\registory\mavenRespository\org\springframework\boot\spring-boot-starter-json\2.1.10.RELEASE\spring-boot-starter-json-2.1.10.RELEASE.jar;C:\work\registory\mavenRespository\com\fasterxml\jackson\core\jackson-databind\2.9.10.1\jackson-databind-2.9.10.1.jar;C:\work\registory\mavenRespository\com\fasterxml\jackson\core\jackson-annotations\2.9.10\jackson-annotations-2.9.10.jar;C:\work\registory\mavenRespository\com\fasterxml\jackson\core\jackson-core\2.9.10\jackson-core-2.9.10.jar;C:\work\registory\mavenRespository\com\fasterxml\jackson\datatype\jackson-datatype-jdk8\2.9.10\jackson-datatype-jdk8-2.9.10.jar;C:\work\registory\mavenRespository\com\fasterxml\jackson\datatype\jackson-datatype-jsr310\2.9.10\jackson-datatype-jsr310-2.9.10.jar;C:\work\registory\mavenRespository\com\fasterxml\jackson\module\jackson-module-parameter-names\2.9.10\jackson-module-parameter-names-2.9.10.jar;C:\work\registory\mavenRespository\org\springframework\boot\spring-boot-starter-tomcat\2.1.10.RELEASE\spring-boot-starter-tomcat-2.1.10.RELEASE.jar;C:\work\registory\mavenRespository\org\apache\tomcat\embed\tomcat-embed-core\9.0.27\tomcat-embed-core-9.0.27.jar;C:\work\registory\mavenRespository\org\apache\tomcat\embed\tomcat-embed-el\9.0.27\tomcat-embed-el-9.0.27.jar;C:\work\registory\mavenRespository\org\apache\tomcat\embed\tomcat-embed-websocket\9.0.27\tomcat-embed-websocket-9.0.27.jar;C:\work\registory\mavenRespository\org\hibernate\validator\hibernate-validator\6.0.18.Final\hibernate-validator-6.0.18.Final.jar;C:\work\registory\mavenRespository\javax\validation\validation-api\2.0.1.Final\validation-api-2.0.1.Final.jar;C:\work\registory\mavenRespository\org\jboss\logging\jboss-logging\3.3.3.Final\jboss-logging-3.3.3.Final.jar;C:\work\registory\mavenRespository\com\fasterxml\classmate\1.4.0\classmate-1.4.0.jar;C:\work\registory\mavenRespository\org\springframework\spring-web\5.1.11.RELEASE\spring-web-5.1.11.RELEASE.jar;C:\work\registory\mavenRespository\org\springframework\spring-beans\5.1.11.RELEASE\spring-beans-5.1.11.RELEASE.jar;C:\work\registory\mavenRespository\org\springframework\spring-webmvc\5.1.11.RELEASE\spring-webmvc-5.1.11.RELEASE.jar;C:\work\registory\mavenRespository\org\springframework\spring-aop\5.1.11.RELEASE\spring-aop-5.1.11.RELEASE.jar;C:\work\registory\mavenRespository\org\springframework\spring-context\5.1.11.RELEASE\spring-context-5.1.11.RELEASE.jar;C:\work\registory\mavenRespository\org\springframework\spring-expression\5.1.11.RELEASE\spring-expression-5.1.11.RELEASE.jar;C:\work\registory\mavenRespository\org\apache\dubbo\dubbo\2.7.4.1\dubbo-2.7.4.1.jar;C:\work\registory\mavenRespository\org\javassist\javassist\3.20.0-GA\javassist-3.20.0-GA.jar;C:\work\registory\mavenRespository\io\netty\netty-all\4.1.43.Final\netty-all-4.1.43.Final.jar;C:\work\registory\mavenRespository\com\google\code\gson\gson\2.8.6\gson-2.8.6.jar;C:\work\registory\mavenRespository\org\yaml\snakeyaml\1.23\snakeyaml-1.23.jar;C:\work\registory\mavenRespository\org\apache\dubbo\dubbo-spring-boot-starter\2.7.4.1\dubbo-spring-boot-starter-2.7.4.1.jar;C:\work\registory\mavenRespository\org\apache\dubbo\dubbo-spring-boot-autoconfigure\2.7.4.1\dubbo-spring-boot-autoconfigure-2.7.4.1.jar;C:\work\registory\mavenRespository\org\apache\dubbo\dubbo-spring-boot-autoconfigure-compatible\2.7.4.1\dubbo-spring-boot-autoconfigure-compatible-2.7.4.1.jar;C:\work\registory\mavenRespository\com\101tec\zkclient\0.11\zkclient-0.11.jar;C:\work\registory\mavenRespository\org\apache\zookeeper\zookeeper\3.4.13\zookeeper-3.4.13.jar;C:\work\registory\mavenRespository\org\slf4j\slf4j-log4j12\1.7.29\slf4j-log4j12-1.7.29.jar;C:\work\registory\mavenRespository\log4j\log4j\1.2.17\log4j-1.2.17.jar;C:\work\registory\mavenRespository\jline\jline\0.9.94\jline-0.9.94.jar;C:\work\registory\mavenRespository\org\apache\yetus\audience-annotations\0.5.0\audience-annotations-0.5.0.jar;C:\work\registory\mavenRespository\io\netty\netty\3.10.6.Final\netty-3.10.6.Final.jar;C:\work\registory\mavenRespository\org\apache\curator\curator-recipes\4.2.0\curator-recipes-4.2.0.jar;C:\work\registory\mavenRespository\org\apache\curator\curator-framework\4.2.0\curator-framework-4.2.0.jar;C:\work\registory\mavenRespository\org\apache\curator\curator-client\4.2.0\curator-client-4.2.0.jar;C:\work\registory\mavenRespository\com\google\guava\guava\27.0.1-jre\guava-27.0.1-jre.jar;C:\work\registory\mavenRespository\com\google\guava\failureaccess\1.0.1\failureaccess-1.0.1.jar;C:\work\registory\mavenRespository\com\google\guava\listenablefuture\9999.0-empty-to-avoid-conflict-with-guava\listenablefuture-9999.0-empty-to-avoid-conflict-with-guava.jar;C:\work\registory\mavenRespository\com\google\code\findbugs\jsr305\3.0.2\jsr305-3.0.2.jar;C:\work\registory\mavenRespository\org\checkerframework\checker-qual\2.5.2\checker-qual-2.5.2.jar;C:\work\registory\mavenRespository\com\google\errorprone\error_prone_annotations\2.2.0\error_prone_annotations-2.2.0.jar;C:\work\registory\mavenRespository\com\google\j2objc\j2objc-annotations\1.1\j2objc-annotations-1.1.jar;C:\work\registory\mavenRespository\org\codehaus\mojo\animal-sniffer-annotations\1.17\animal-sniffer-annotations-1.17.jar;"/>
    <property name="java.vm.vendor" value="Oracle Corporation"/>
    <property name="sun.arch.data.model" value="64"/>
    <property name="user.variant" value=""/>
    <property name="java.vendor.url" value="http://java.oracle.com/"/>
    <property name="user.timezone" value="Asia/Shanghai"/>
    <property name="java.vm.specification.version" value="1.8"/>
    <property name="os.name" value="Windows 10"/>
    <property name="user.country" value="CN"/>
    <property name="sun.java.launcher" value="SUN_STANDARD"/>
    <property name="sun.boot.library.path" value="C:\Program Files\Java\jdk1.8.0_231\jre\bin"/>
    <property name="sun.java.command" value="C:\Users\ADMINI~1\AppData\Local\Temp\surefire6037637009308427531\surefirebooter4581139222555577231.jar C:\Users\Administrator\AppData\Local\Temp\surefire6037637009308427531 2020-04-15T18-24-25_125-jvmRun1 surefire8986307609645727483tmp surefire_21491731827558948064tmp"/>
    <property name="surefire.test.class.path" value="E:\Code\personStudy\dubbo\DubboFrame\ums-server\target\test-classes;E:\Code\personStudy\dubbo\DubboFrame\ums-server\target\classes;E:\Code\personStudy\dubbo\DubboFrame\ums-interface\target\ums-interface-3.0.0.jar;E:\Code\personStudy\dubbo\DubboFrame\ums-commons\target\ums-commons-3.0.0.jar;C:\work\registory\mavenRespository\mysql\mysql-connector-java\8.0.18\mysql-connector-java-8.0.18.jar;C:\work\registory\mavenRespository\org\mybatis\mybatis\3.5.3\mybatis-3.5.3.jar;C:\work\registory\mavenRespository\org\mybatis\spring\boot\mybatis-spring-boot-starter\2.1.1\mybatis-spring-boot-starter-2.1.1.jar;C:\work\registory\mavenRespository\org\springframework\boot\spring-boot-starter\2.1.10.RELEASE\spring-boot-starter-2.1.10.RELEASE.jar;C:\work\registory\mavenRespository\org\springframework\boot\spring-boot\2.1.10.RELEASE\spring-boot-2.1.10.RELEASE.jar;C:\work\registory\mavenRespository\org\springframework\boot\spring-boot-starter-logging\2.1.10.RELEASE\spring-boot-starter-logging-2.1.10.RELEASE.jar;C:\work\registory\mavenRespository\ch\qos\logback\logback-classic\1.2.3\logback-classic-1.2.3.jar;C:\work\registory\mavenRespository\ch\qos\logback\logback-core\1.2.3\logback-core-1.2.3.jar;C:\work\registory\mavenRespository\org\apache\logging\log4j\log4j-to-slf4j\2.11.2\log4j-to-slf4j-2.11.2.jar;C:\work\registory\mavenRespository\org\apache\logging\log4j\log4j-api\2.11.2\log4j-api-2.11.2.jar;C:\work\registory\mavenRespository\org\slf4j\jul-to-slf4j\1.7.29\jul-to-slf4j-1.7.29.jar;C:\work\registory\mavenRespository\javax\annotation\javax.annotation-api\1.3.2\javax.annotation-api-1.3.2.jar;C:\work\registory\mavenRespository\org\springframework\spring-core\5.1.11.RELEASE\spring-core-5.1.11.RELEASE.jar;C:\work\registory\mavenRespository\org\springframework\spring-jcl\5.1.11.RELEASE\spring-jcl-5.1.11.RELEASE.jar;C:\work\registory\mavenRespository\org\springframework\boot\spring-boot-starter-jdbc\2.1.10.RELEASE\spring-boot-starter-jdbc-2.1.10.RELEASE.jar;C:\work\registory\mavenRespository\com\zaxxer\HikariCP\3.2.0\HikariCP-3.2.0.jar;C:\work\registory\mavenRespository\org\springframework\spring-jdbc\5.1.11.RELEASE\spring-jdbc-5.1.11.RELEASE.jar;C:\work\registory\mavenRespository\org\springframework\spring-tx\5.1.11.RELEASE\spring-tx-5.1.11.RELEASE.jar;C:\work\registory\mavenRespository\org\mybatis\spring\boot\mybatis-spring-boot-autoconfigure\2.1.1\mybatis-spring-boot-autoconfigure-2.1.1.jar;C:\work\registory\mavenRespository\org\mybatis\mybatis-spring\2.0.3\mybatis-spring-2.0.3.jar;C:\work\registory\mavenRespository\com\alibaba\druid-spring-boot-starter\1.1.21\druid-spring-boot-starter-1.1.21.jar;C:\work\registory\mavenRespository\com\alibaba\druid\1.1.21\druid-1.1.21.jar;C:\work\registory\mavenRespository\org\slf4j\slf4j-api\1.7.29\slf4j-api-1.7.29.jar;C:\work\registory\mavenRespository\org\springframework\boot\spring-boot-autoconfigure\2.1.10.RELEASE\spring-boot-autoconfigure-2.1.10.RELEASE.jar;C:\work\registory\mavenRespository\junit\junit\4.11\junit-4.11.jar;C:\work\registory\mavenRespository\org\hamcrest\hamcrest-core\1.3\hamcrest-core-1.3.jar;C:\work\registory\mavenRespository\org\springframework\boot\spring-boot-starter-web\2.1.10.RELEASE\spring-boot-starter-web-2.1.10.RELEASE.jar;C:\work\registory\mavenRespository\org\springframework\boot\spring-boot-starter-json\2.1.10.RELEASE\spring-boot-starter-json-2.1.10.RELEASE.jar;C:\work\registory\mavenRespository\com\fasterxml\jackson\core\jackson-databind\2.9.10.1\jackson-databind-2.9.10.1.jar;C:\work\registory\mavenRespository\com\fasterxml\jackson\core\jackson-annotations\2.9.10\jackson-annotations-2.9.10.jar;C:\work\registory\mavenRespository\com\fasterxml\jackson\core\jackson-core\2.9.10\jackson-core-2.9.10.jar;C:\work\registory\mavenRespository\com\fasterxml\jackson\datatype\jackson-datatype-jdk8\2.9.10\jackson-datatype-jdk8-2.9.10.jar;C:\work\registory\mavenRespository\com\fasterxml\jackson\datatype\jackson-datatype-jsr310\2.9.10\jackson-datatype-jsr310-2.9.10.jar;C:\work\registory\mavenRespository\com\fasterxml\jackson\module\jackson-module-parameter-names\2.9.10\jackson-module-parameter-names-2.9.10.jar;C:\work\registory\mavenRespository\org\springframework\boot\spring-boot-starter-tomcat\2.1.10.RELEASE\spring-boot-starter-tomcat-2.1.10.RELEASE.jar;C:\work\registory\mavenRespository\org\apache\tomcat\embed\tomcat-embed-core\9.0.27\tomcat-embed-core-9.0.27.jar;C:\work\registory\mavenRespository\org\apache\tomcat\embed\tomcat-embed-el\9.0.27\tomcat-embed-el-9.0.27.jar;C:\work\registory\mavenRespository\org\apache\tomcat\embed\tomcat-embed-websocket\9.0.27\tomcat-embed-websocket-9.0.27.jar;C:\work\registory\mavenRespository\org\hibernate\validator\hibernate-validator\6.0.18.Final\hibernate-validator-6.0.18.Final.jar;C:\work\registory\mavenRespository\javax\validation\validation-api\2.0.1.Final\validation-api-2.0.1.Final.jar;C:\work\registory\mavenRespository\org\jboss\logging\jboss-logging\3.3.3.Final\jboss-logging-3.3.3.Final.jar;C:\work\registory\mavenRespository\com\fasterxml\classmate\1.4.0\classmate-1.4.0.jar;C:\work\registory\mavenRespository\org\springframework\spring-web\5.1.11.RELEASE\spring-web-5.1.11.RELEASE.jar;C:\work\registory\mavenRespository\org\springframework\spring-beans\5.1.11.RELEASE\spring-beans-5.1.11.RELEASE.jar;C:\work\registory\mavenRespository\org\springframework\spring-webmvc\5.1.11.RELEASE\spring-webmvc-5.1.11.RELEASE.jar;C:\work\registory\mavenRespository\org\springframework\spring-aop\5.1.11.RELEASE\spring-aop-5.1.11.RELEASE.jar;C:\work\registory\mavenRespository\org\springframework\spring-context\5.1.11.RELEASE\spring-context-5.1.11.RELEASE.jar;C:\work\registory\mavenRespository\org\springframework\spring-expression\5.1.11.RELEASE\spring-expression-5.1.11.RELEASE.jar;C:\work\registory\mavenRespository\org\apache\dubbo\dubbo\2.7.4.1\dubbo-2.7.4.1.jar;C:\work\registory\mavenRespository\org\javassist\javassist\3.20.0-GA\javassist-3.20.0-GA.jar;C:\work\registory\mavenRespository\io\netty\netty-all\4.1.43.Final\netty-all-4.1.43.Final.jar;C:\work\registory\mavenRespository\com\google\code\gson\gson\2.8.6\gson-2.8.6.jar;C:\work\registory\mavenRespository\org\yaml\snakeyaml\1.23\snakeyaml-1.23.jar;C:\work\registory\mavenRespository\org\apache\dubbo\dubbo-spring-boot-starter\2.7.4.1\dubbo-spring-boot-starter-2.7.4.1.jar;C:\work\registory\mavenRespository\org\apache\dubbo\dubbo-spring-boot-autoconfigure\2.7.4.1\dubbo-spring-boot-autoconfigure-2.7.4.1.jar;C:\work\registory\mavenRespository\org\apache\dubbo\dubbo-spring-boot-autoconfigure-compatible\2.7.4.1\dubbo-spring-boot-autoconfigure-compatible-2.7.4.1.jar;C:\work\registory\mavenRespository\com\101tec\zkclient\0.11\zkclient-0.11.jar;C:\work\registory\mavenRespository\org\apache\zookeeper\zookeeper\3.4.13\zookeeper-3.4.13.jar;C:\work\registory\mavenRespository\org\slf4j\slf4j-log4j12\1.7.29\slf4j-log4j12-1.7.29.jar;C:\work\registory\mavenRespository\log4j\log4j\1.2.17\log4j-1.2.17.jar;C:\work\registory\mavenRespository\jline\jline\0.9.94\jline-0.9.94.jar;C:\work\registory\mavenRespository\org\apache\yetus\audience-annotations\0.5.0\audience-annotations-0.5.0.jar;C:\work\registory\mavenRespository\io\netty\netty\3.10.6.Final\netty-3.10.6.Final.jar;C:\work\registory\mavenRespository\org\apache\curator\curator-recipes\4.2.0\curator-recipes-4.2.0.jar;C:\work\registory\mavenRespository\org\apache\curator\curator-framework\4.2.0\curator-framework-4.2.0.jar;C:\work\registory\mavenRespository\org\apache\curator\curator-client\4.2.0\curator-client-4.2.0.jar;C:\work\registory\mavenRespository\com\google\guava\guava\27.0.1-jre\guava-27.0.1-jre.jar;C:\work\registory\mavenRespository\com\google\guava\failureaccess\1.0.1\failureaccess-1.0.1.jar;C:\work\registory\mavenRespository\com\google\guava\listenablefuture\9999.0-empty-to-avoid-conflict-with-guava\listenablefuture-9999.0-empty-to-avoid-conflict-with-guava.jar;C:\work\registory\mavenRespository\com\google\code\findbugs\jsr305\3.0.2\jsr305-3.0.2.jar;C:\work\registory\mavenRespository\org\checkerframework\checker-qual\2.5.2\checker-qual-2.5.2.jar;C:\work\registory\mavenRespository\com\google\errorprone\error_prone_annotations\2.2.0\error_prone_annotations-2.2.0.jar;C:\work\registory\mavenRespository\com\google\j2objc\j2objc-annotations\1.1\j2objc-annotations-1.1.jar;C:\work\registory\mavenRespository\org\codehaus\mojo\animal-sniffer-annotations\1.17\animal-sniffer-annotations-1.17.jar;"/>
    <property name="sun.cpu.endian" value="little"/>
    <property name="user.home" value="C:\Users\Administrator"/>
    <property name="user.language" value="zh"/>
    <property name="java.specification.vendor" value="Oracle Corporation"/>
    <property name="java.home" value="C:\Program Files\Java\jdk1.8.0_231\jre"/>
    <property name="basedir" value="E:\Code\personStudy\dubbo\DubboFrame\ums-server"/>
    <property name="file.separator" value="\"/>
    <property name="line.separator" value="&#10;"/>
    <property name="java.vm.specification.vendor" value="Oracle Corporation"/>
    <property name="java.specification.name" value="Java Platform API Specification"/>
    <property name="java.awt.graphicsenv" value="sun.awt.Win32GraphicsEnvironment"/>
    <property name="surefire.real.class.path" value="C:\Users\ADMINI~1\AppData\Local\Temp\surefire6037637009308427531\surefirebooter4581139222555577231.jar"/>
    <property name="sun.boot.class.path" value="C:\Program Files\Java\jdk1.8.0_231\jre\lib\resources.jar;C:\Program Files\Java\jdk1.8.0_231\jre\lib\rt.jar;C:\Program Files\Java\jdk1.8.0_231\jre\lib\sunrsasign.jar;C:\Program Files\Java\jdk1.8.0_231\jre\lib\jsse.jar;C:\Program Files\Java\jdk1.8.0_231\jre\lib\jce.jar;C:\Program Files\Java\jdk1.8.0_231\jre\lib\charsets.jar;C:\Program Files\Java\jdk1.8.0_231\jre\lib\jfr.jar;C:\Program Files\Java\jdk1.8.0_231\jre\classes"/>
    <property name="user.script" value=""/>
    <property name="sun.management.compiler" value="HotSpot 64-Bit Tiered Compilers"/>
    <property name="java.runtime.version" value="1.8.0_231-b11"/>
    <property name="user.name" value="Administrator"/>
    <property name="path.separator" value=";"/>
    <property name="os.version" value="10.0"/>
    <property name="java.endorsed.dirs" value="C:\Program Files\Java\jdk1.8.0_231\jre\lib\endorsed"/>
    <property name="java.runtime.name" value="Java(TM) SE Runtime Environment"/>
    <property name="file.encoding" value="GBK"/>
    <property name="java.vm.name" value="Java HotSpot(TM) 64-Bit Server VM"/>
    <property name="localRepository" value="C:\work\registory\mavenRespository"/>
    <property name="java.vendor.url.bug" value="http://bugreport.sun.com/bugreport/"/>
    <property name="java.io.tmpdir" value="C:\Users\ADMINI~1\AppData\Local\Temp\"/>
    <property name="java.version" value="1.8.0_231"/>
    <property name="user.dir" value="E:\Code\personStudy\dubbo\DubboFrame\ums-server"/>
    <property name="os.arch" value="amd64"/>
    <property name="java.vm.specification.name" value="Java Virtual Machine Specification"/>
    <property name="java.awt.printerjob" value="sun.awt.windows.WPrinterJob"/>
    <property name="sun.os.patch.level" value=""/>
    <property name="idea.version2019.3.4" value="true"/>
    <property name="java.library.path" value="C:\Program Files\Java\jdk1.8.0_231\jre\bin;C:\Windows\Sun\Java\bin;C:\Windows\system32;C:\Windows;C:\Program Files (x86)\NetSarang\Xshell 6\;C:\Program Files (x86)\NetSarang\Xftp 6\;C:\Program Files (x86)\Common Files\Oracle\Java\javapath;C:\Windows\system32;C:\Windows;C:\Windows\System32\Wbem;C:\Windows\System32\WindowsPowerShell\v1.0\;C:\Windows\System32\OpenSSH\;C:\Users\Administrator\AppData\Local\Programs\Python\Python38;C:\work\registory\apache-maven-3.6.3\bin;&quot;C:\Program Files\Java\jdk1.8.0_231\bin;C:\Program Files\Java\jdk1.8.0_231\jre\bin;&quot;;%CATALINA_HOME%\bin;C:\Program Files\Git\cmd;C:\redis;E:\ApacheSoftwareFoundation\Tomcat9.0\bin;F:\Node.js\node-js-install\;F:\Node.js\node-js-install;C:\Users\Administrator\AppData\Local\Microsoft\WindowsApps;C:\Users\Administrator\AppData\Roaming\npm;."/>
    <property name="java.vm.info" value="mixed mode"/>
    <property name="java.vendor" value="Oracle Corporation"/>
    <property name="java.vm.version" value="25.231-b11"/>
    <property name="java.ext.dirs" value="C:\Program Files\Java\jdk1.8.0_231\jre\lib\ext;C:\Windows\Sun\Java\lib\ext"/>
    <property name="sun.io.unicode.encoding" value="UnicodeLittle"/>
    <property name="java.class.version" value="52.0"/>
  </properties>
  <testcase name="shouldAnswerWithTrue" classname="cn.ekgc.dubbo.AppTest" time="0.001"/>
</testsuite>